{"/Users/chaewon/Programmers/NodeJS/book2_TEXTBOOK/nodebird/controllers/user.js": {"path":"/Users/chaewon/Programmers/NodeJS/book2_TEXTBOOK/nodebird/controllers/user.js","statementMap":{"0":{"start":{"line":1,"column":13},"end":{"line":1,"column":38}},"1":{"start":{"line":3,"column":0},"end":{"line":17,"column":1}},"2":{"start":{"line":4,"column":2},"end":{"line":16,"column":3}},"3":{"start":{"line":5,"column":17},"end":{"line":5,"column":67}},"4":{"start":{"line":6,"column":4},"end":{"line":12,"column":5}},"5":{"start":{"line":8,"column":6},"end":{"line":8,"column":58}},"6":{"start":{"line":9,"column":6},"end":{"line":9,"column":25}},"7":{"start":{"line":11,"column":6},"end":{"line":11,"column":37}},"8":{"start":{"line":14,"column":4},"end":{"line":14,"column":24}},"9":{"start":{"line":15,"column":4},"end":{"line":15,"column":15}}},"fnMap":{"0":{"name":"(anonymous_0)","decl":{"start":{"line":3,"column":17},"end":{"line":3,"column":18}},"loc":{"start":{"line":3,"column":43},"end":{"line":17,"column":1}},"line":3}},"branchMap":{"0":{"loc":{"start":{"line":6,"column":4},"end":{"line":12,"column":5}},"type":"if","locations":[{"start":{"line":6,"column":4},"end":{"line":12,"column":5}},{"start":{"line":10,"column":11},"end":{"line":12,"column":5}}],"line":6}},"s":{"0":1,"1":1,"2":3,"3":3,"4":2,"5":1,"6":1,"7":1,"8":1,"9":1},"f":{"0":3},"b":{"0":[1,1]},"_coverageSchema":"1a1c01bbd47fc00a2c39e90264f33305004495a9","hash":"8e7af1cdb87c21857f0bd94b9887c9d20fec9669"}
,"/Users/chaewon/Programmers/NodeJS/book2_TEXTBOOK/nodebird/middlewares/index.js": {"path":"/Users/chaewon/Programmers/NodeJS/book2_TEXTBOOK/nodebird/middlewares/index.js","statementMap":{"0":{"start":{"line":7,"column":0},"end":{"line":13,"column":1}},"1":{"start":{"line":8,"column":2},"end":{"line":12,"column":3}},"2":{"start":{"line":9,"column":4},"end":{"line":9,"column":10}},"3":{"start":{"line":11,"column":4},"end":{"line":11,"column":34}},"4":{"start":{"line":15,"column":0},"end":{"line":22,"column":1}},"5":{"start":{"line":16,"column":2},"end":{"line":21,"column":3}},"6":{"start":{"line":17,"column":4},"end":{"line":17,"column":10}},"7":{"start":{"line":19,"column":20},"end":{"line":19,"column":53}},"8":{"start":{"line":20,"column":4},"end":{"line":20,"column":38}}},"fnMap":{"0":{"name":"(anonymous_0)","decl":{"start":{"line":7,"column":21},"end":{"line":7,"column":22}},"loc":{"start":{"line":7,"column":41},"end":{"line":13,"column":1}},"line":7},"1":{"name":"(anonymous_1)","decl":{"start":{"line":15,"column":24},"end":{"line":15,"column":25}},"loc":{"start":{"line":15,"column":44},"end":{"line":22,"column":1}},"line":15}},"branchMap":{"0":{"loc":{"start":{"line":8,"column":2},"end":{"line":12,"column":3}},"type":"if","locations":[{"start":{"line":8,"column":2},"end":{"line":12,"column":3}},{"start":{"line":10,"column":9},"end":{"line":12,"column":3}}],"line":8},"1":{"loc":{"start":{"line":16,"column":2},"end":{"line":21,"column":3}},"type":"if","locations":[{"start":{"line":16,"column":2},"end":{"line":21,"column":3}},{"start":{"line":18,"column":9},"end":{"line":21,"column":3}}],"line":16}},"s":{"0":1,"1":2,"2":1,"3":1,"4":1,"5":2,"6":1,"7":1,"8":1},"f":{"0":2,"1":2},"b":{"0":[1,1],"1":[1,1]},"_coverageSchema":"1a1c01bbd47fc00a2c39e90264f33305004495a9","hash":"55f9c412afa3c78f37fff53b406ff82610b0a18c"}
,"/Users/chaewon/Programmers/NodeJS/book2_TEXTBOOK/nodebird/models/user.js": {"path":"/Users/chaewon/Programmers/NodeJS/book2_TEXTBOOK/nodebird/models/user.js","statementMap":{"0":{"start":{"line":1,"column":18},"end":{"line":1,"column":38}},"1":{"start":{"line":6,"column":4},"end":{"line":41,"column":5}},"2":{"start":{"line":45,"column":4},"end":{"line":45,"column":28}},"3":{"start":{"line":46,"column":4},"end":{"line":50,"column":6}},"4":{"start":{"line":51,"column":4},"end":{"line":55,"column":6}},"5":{"start":{"line":60,"column":0},"end":{"line":60,"column":21}}},"fnMap":{"0":{"name":"(anonymous_0)","decl":{"start":{"line":4,"column":2},"end":{"line":4,"column":3}},"loc":{"start":{"line":4,"column":29},"end":{"line":42,"column":3}},"line":4},"1":{"name":"(anonymous_1)","decl":{"start":{"line":44,"column":2},"end":{"line":44,"column":3}},"loc":{"start":{"line":44,"column":23},"end":{"line":57,"column":3}},"line":44}},"branchMap":{},"s":{"0":2,"1":1,"2":1,"3":1,"4":1,"5":2},"f":{"0":1,"1":1},"b":{},"_coverageSchema":"1a1c01bbd47fc00a2c39e90264f33305004495a9","hash":"99d7ca3213a80f283e2b19d5f2a14d73685752aa"}
}
