TN:
SF:controllers/user.js
FN:3,(anonymous_0)
FNF:1
FNH:1
FNDA:3,(anonymous_0)
DA:1,1
DA:3,1
DA:4,3
DA:5,3
DA:6,2
DA:8,1
DA:9,1
DA:11,1
DA:14,1
DA:15,1
LF:10
LH:10
BRDA:6,0,0,1
BRDA:6,0,1,1
BRF:2
BRH:2
end_of_record
TN:
SF:middlewares/index.js
FN:7,(anonymous_0)
FN:15,(anonymous_1)
FNF:2
FNH:2
FNDA:2,(anonymous_0)
FNDA:2,(anonymous_1)
DA:7,1
DA:8,2
DA:9,1
DA:11,1
DA:15,1
DA:16,2
DA:17,1
DA:19,1
DA:20,1
LF:9
LH:9
BRDA:8,0,0,1
BRDA:8,0,1,1
BRDA:16,1,0,1
BRDA:16,1,1,1
BRF:4
BRH:4
end_of_record
TN:
SF:models/user.js
FN:4,(anonymous_0)
FN:44,(anonymous_1)
FNF:2
FNH:2
FNDA:1,(anonymous_0)
FNDA:1,(anonymous_1)
DA:1,2
DA:6,1
DA:45,1
DA:46,1
DA:51,1
DA:60,2
LF:6
LH:6
BRF:0
BRH:0
end_of_record
